2017-12-04 13:04:13.435 |-INFO  [main] org.springframework.context.annotation.AnnotationConfigApplicationContext [583] -| Refreshing org.springframework.context.annotation.AnnotationConfigApplicationContext@3bf7ca37: startup date [Mon Dec 04 13:04:13 CST 2017]; root of context hierarchy
2017-12-04 13:04:14.114 |-INFO  [background-preinit] org.hibernate.validator.internal.util.Version [30] -| HV000001: Hibernate Validator 5.3.5.Final
2017-12-04 13:04:14.175 |-INFO  [main] org.springframework.beans.factory.annotation.AutowiredAnnotationBeanPostProcessor [155] -| JSR-330 'javax.inject.Inject' annotation found and supported for autowiring
2017-12-04 13:04:14.324 |-INFO  [main] org.springframework.context.support.PostProcessorRegistrationDelegate$BeanPostProcessorChecker [327] -| Bean 'configurationPropertiesRebinderAutoConfiguration' of type [org.springframework.cloud.autoconfigure.ConfigurationPropertiesRebinderAutoConfiguration$$EnhancerBySpringCGLIB$$b3e9c150] is not eligible for getting processed by all BeanPostProcessors (for example: not eligible for auto-proxying)
2017-12-04 13:04:15.106 |-INFO  [main] com.yonyou.cloud.server.eureka.ServerEurekaApplication [593] -| No active profile set, falling back to default profiles: default
2017-12-04 13:04:15.149 |-INFO  [main] org.springframework.boot.context.embedded.AnnotationConfigEmbeddedWebApplicationContext [583] -| Refreshing org.springframework.boot.context.embedded.AnnotationConfigEmbeddedWebApplicationContext@189aa67a: startup date [Mon Dec 04 13:04:15 CST 2017]; parent: org.springframework.context.annotation.AnnotationConfigApplicationContext@3bf7ca37
2017-12-04 13:04:17.125 |-INFO  [main] org.springframework.cloud.context.scope.GenericScope [263] -| BeanFactory id=59d9d098-e24f-321a-a1c8-313b0405ee0d
2017-12-04 13:04:17.154 |-INFO  [main] org.springframework.beans.factory.annotation.AutowiredAnnotationBeanPostProcessor [155] -| JSR-330 'javax.inject.Inject' annotation found and supported for autowiring
2017-12-04 13:04:17.273 |-INFO  [main] org.springframework.context.support.PostProcessorRegistrationDelegate$BeanPostProcessorChecker [327] -| Bean 'org.springframework.cloud.netflix.metrics.MetricsInterceptorConfiguration$MetricsRestTemplateConfiguration' of type [org.springframework.cloud.netflix.metrics.MetricsInterceptorConfiguration$MetricsRestTemplateConfiguration$$EnhancerBySpringCGLIB$$c9fc6494] is not eligible for getting processed by all BeanPostProcessors (for example: not eligible for auto-proxying)
2017-12-04 13:04:17.298 |-INFO  [main] org.springframework.context.support.PostProcessorRegistrationDelegate$BeanPostProcessorChecker [327] -| Bean 'org.springframework.cloud.autoconfigure.ConfigurationPropertiesRebinderAutoConfiguration' of type [org.springframework.cloud.autoconfigure.ConfigurationPropertiesRebinderAutoConfiguration$$EnhancerBySpringCGLIB$$b3e9c150] is not eligible for getting processed by all BeanPostProcessors (for example: not eligible for auto-proxying)
2017-12-04 13:04:17.828 |-INFO  [main] org.springframework.boot.context.embedded.tomcat.TomcatEmbeddedServletContainer [89] -| Tomcat initialized with port(s): 8761 (http)
2017-12-04 13:04:17.850 |-INFO  [main] org.apache.catalina.core.StandardService [179] -| Starting service [Tomcat]
2017-12-04 13:04:17.852 |-INFO  [main] org.apache.catalina.core.StandardEngine [179] -| Starting Servlet Engine: Apache Tomcat/8.5.23
2017-12-04 13:04:18.094 |-INFO  [localhost-startStop-1] org.apache.catalina.core.ContainerBase.[Tomcat].[localhost].[/] [179] -| Initializing Spring embedded WebApplicationContext
2017-12-04 13:04:18.095 |-INFO  [localhost-startStop-1] org.springframework.web.context.ContextLoader [276] -| Root WebApplicationContext: initialization completed in 2946 ms
2017-12-04 13:04:18.904 |-INFO  [localhost-startStop-1] org.springframework.boot.web.servlet.FilterRegistrationBean [258] -| Mapping filter: 'metricsFilter' to: [/*]
2017-12-04 13:04:18.905 |-INFO  [localhost-startStop-1] org.springframework.boot.web.servlet.FilterRegistrationBean [258] -| Mapping filter: 'characterEncodingFilter' to: [/*]
2017-12-04 13:04:18.905 |-INFO  [localhost-startStop-1] org.springframework.boot.web.servlet.FilterRegistrationBean [258] -| Mapping filter: 'hiddenHttpMethodFilter' to: [/*]
2017-12-04 13:04:18.906 |-INFO  [localhost-startStop-1] org.springframework.boot.web.servlet.FilterRegistrationBean [258] -| Mapping filter: 'httpPutFormContentFilter' to: [/*]
2017-12-04 13:04:18.906 |-INFO  [localhost-startStop-1] org.springframework.boot.web.servlet.FilterRegistrationBean [258] -| Mapping filter: 'requestContextFilter' to: [/*]
2017-12-04 13:04:18.906 |-INFO  [localhost-startStop-1] org.springframework.boot.web.servlet.FilterRegistrationBean [258] -| Mapping filter: 'webRequestTraceFilter' to: [/*]
2017-12-04 13:04:18.906 |-INFO  [localhost-startStop-1] org.springframework.boot.web.servlet.FilterRegistrationBean [271] -| Mapping filter: 'servletContainer' to urls: [/eureka/*]
2017-12-04 13:04:18.907 |-INFO  [localhost-startStop-1] org.springframework.boot.web.servlet.FilterRegistrationBean [258] -| Mapping filter: 'applicationContextIdFilter' to: [/*]
2017-12-04 13:04:18.907 |-INFO  [localhost-startStop-1] org.springframework.boot.web.servlet.ServletRegistrationBean [190] -| Mapping servlet: 'dispatcherServlet' to [/]
2017-12-04 13:04:19.115 |-INFO  [localhost-startStop-1] com.sun.jersey.server.impl.application.WebApplicationImpl [815] -| Initiating Jersey application, version 'Jersey: 1.19.1 03/11/2016 02:08 PM'
2017-12-04 13:04:19.335 |-INFO  [localhost-startStop-1] com.netflix.discovery.provider.DiscoveryJerseyProvider [70] -| Using JSON encoding codec LegacyJacksonJson
2017-12-04 13:04:19.336 |-INFO  [localhost-startStop-1] com.netflix.discovery.provider.DiscoveryJerseyProvider [71] -| Using JSON decoding codec LegacyJacksonJson
2017-12-04 13:04:19.557 |-INFO  [localhost-startStop-1] com.netflix.discovery.provider.DiscoveryJerseyProvider [80] -| Using XML encoding codec XStreamXml
2017-12-04 13:04:19.558 |-INFO  [localhost-startStop-1] com.netflix.discovery.provider.DiscoveryJerseyProvider [81] -| Using XML decoding codec XStreamXml
2017-12-04 13:04:20.284 |-WARN  [main] org.springframework.cloud.netflix.archaius.ArchaiusAutoConfiguration [147] -| No spring.application.name found, defaulting to 'application'
2017-12-04 13:04:20.291 |-WARN  [main] com.netflix.config.sources.URLConfigurationSource [121] -| No URLs will be polled as dynamic configuration sources.
2017-12-04 13:04:20.291 |-INFO  [main] com.netflix.config.sources.URLConfigurationSource [122] -| To enable URLs as dynamic configuration sources, define System property archaius.configurationSource.additionalUrls or make config.properties available on classpath.
2017-12-04 13:04:20.309 |-WARN  [main] com.netflix.config.sources.URLConfigurationSource [121] -| No URLs will be polled as dynamic configuration sources.
2017-12-04 13:04:20.310 |-INFO  [main] com.netflix.config.sources.URLConfigurationSource [122] -| To enable URLs as dynamic configuration sources, define System property archaius.configurationSource.additionalUrls or make config.properties available on classpath.
2017-12-04 13:04:20.663 |-INFO  [main] org.springframework.web.servlet.mvc.method.annotation.RequestMappingHandlerAdapter [534] -| Looking for @ControllerAdvice: org.springframework.boot.context.embedded.AnnotationConfigEmbeddedWebApplicationContext@189aa67a: startup date [Mon Dec 04 13:04:15 CST 2017]; parent: org.springframework.context.annotation.AnnotationConfigApplicationContext@3bf7ca37
2017-12-04 13:04:20.882 |-INFO  [main] org.springframework.web.servlet.mvc.method.annotation.RequestMappingHandlerMapping [543] -| Mapped "{[/error]}" onto public org.springframework.http.ResponseEntity<java.util.Map<java.lang.String, java.lang.Object>> org.springframework.boot.autoconfigure.web.BasicErrorController.error(javax.servlet.http.HttpServletRequest)
2017-12-04 13:04:20.884 |-INFO  [main] org.springframework.web.servlet.mvc.method.annotation.RequestMappingHandlerMapping [543] -| Mapped "{[/error],produces=[text/html]}" onto public org.springframework.web.servlet.ModelAndView org.springframework.boot.autoconfigure.web.BasicErrorController.errorHtml(javax.servlet.http.HttpServletRequest,javax.servlet.http.HttpServletResponse)
2017-12-04 13:04:20.889 |-INFO  [main] org.springframework.web.servlet.mvc.method.annotation.RequestMappingHandlerMapping [543] -| Mapped "{[/],methods=[GET]}" onto public java.lang.String org.springframework.cloud.netflix.eureka.server.EurekaController.status(javax.servlet.http.HttpServletRequest,java.util.Map<java.lang.String, java.lang.Object>)
2017-12-04 13:04:20.889 |-INFO  [main] org.springframework.web.servlet.mvc.method.annotation.RequestMappingHandlerMapping [543] -| Mapped "{[/lastn],methods=[GET]}" onto public java.lang.String org.springframework.cloud.netflix.eureka.server.EurekaController.lastn(javax.servlet.http.HttpServletRequest,java.util.Map<java.lang.String, java.lang.Object>)
2017-12-04 13:04:20.923 |-INFO  [main] org.springframework.web.servlet.handler.SimpleUrlHandlerMapping [362] -| Mapped URL path [/webjars/**] onto handler of type [class org.springframework.web.servlet.resource.ResourceHttpRequestHandler]
2017-12-04 13:04:20.924 |-INFO  [main] org.springframework.web.servlet.handler.SimpleUrlHandlerMapping [362] -| Mapped URL path [/**] onto handler of type [class org.springframework.web.servlet.resource.ResourceHttpRequestHandler]
2017-12-04 13:04:20.983 |-INFO  [main] org.springframework.web.servlet.handler.SimpleUrlHandlerMapping [362] -| Mapped URL path [/**/favicon.ico] onto handler of type [class org.springframework.web.servlet.resource.ResourceHttpRequestHandler]
2017-12-04 13:04:21.687 |-INFO  [main] org.springframework.boot.actuate.endpoint.mvc.EndpointHandlerMapping [543] -| Mapped "{[/service-registry/instance-status],methods=[GET]}" onto public org.springframework.http.ResponseEntity org.springframework.cloud.client.serviceregistry.endpoint.ServiceRegistryEndpoint.getStatus()
2017-12-04 13:04:21.688 |-INFO  [main] org.springframework.boot.actuate.endpoint.mvc.EndpointHandlerMapping [543] -| Mapped "{[/service-registry/instance-status],methods=[POST]}" onto public org.springframework.http.ResponseEntity<?> org.springframework.cloud.client.serviceregistry.endpoint.ServiceRegistryEndpoint.setStatus(java.lang.String)
2017-12-04 13:04:21.689 |-INFO  [main] org.springframework.boot.actuate.endpoint.mvc.EndpointHandlerMapping [543] -| Mapped "{[/archaius || /archaius.json],methods=[GET],produces=[application/vnd.spring-boot.actuator.v1+json || application/json]}" onto public java.lang.Object org.springframework.boot.actuate.endpoint.mvc.EndpointMvcAdapter.invoke()
2017-12-04 13:04:21.690 |-INFO  [main] org.springframework.boot.actuate.endpoint.mvc.EndpointHandlerMapping [543] -| Mapped "{[/auditevents || /auditevents.json],methods=[GET],produces=[application/vnd.spring-boot.actuator.v1+json || application/json]}" onto public org.springframework.http.ResponseEntity<?> org.springframework.boot.actuate.endpoint.mvc.AuditEventsMvcEndpoint.findByPrincipalAndAfterAndType(java.lang.String,java.util.Date,java.lang.String)
2017-12-04 13:04:21.692 |-INFO  [main] org.springframework.boot.actuate.endpoint.mvc.EndpointHandlerMapping [543] -| Mapped "{[/refresh || /refresh.json],methods=[POST]}" onto public java.lang.Object org.springframework.cloud.endpoint.GenericPostableMvcEndpoint.invoke()
2017-12-04 13:04:21.693 |-INFO  [main] org.springframework.boot.actuate.endpoint.mvc.EndpointHandlerMapping [543] -| Mapped "{[/beans || /beans.json],methods=[GET],produces=[application/vnd.spring-boot.actuator.v1+json || application/json]}" onto public java.lang.Object org.springframework.boot.actuate.endpoint.mvc.EndpointMvcAdapter.invoke()
2017-12-04 13:04:21.694 |-INFO  [main] org.springframework.boot.actuate.endpoint.mvc.EndpointHandlerMapping [543] -| Mapped "{[/env],methods=[POST]}" onto public java.lang.Object org.springframework.cloud.context.environment.EnvironmentManagerMvcEndpoint.value(java.util.Map<java.lang.String, java.lang.String>)
2017-12-04 13:04:21.694 |-INFO  [main] org.springframework.boot.actuate.endpoint.mvc.EndpointHandlerMapping [543] -| Mapped "{[/env/reset],methods=[POST]}" onto public java.util.Map<java.lang.String, java.lang.Object> org.springframework.cloud.context.environment.EnvironmentManagerMvcEndpoint.reset()
2017-12-04 13:04:21.696 |-INFO  [main] org.springframework.boot.actuate.endpoint.mvc.EndpointHandlerMapping [543] -| Mapped "{[/env/{name:.*}],methods=[GET],produces=[application/vnd.spring-boot.actuator.v1+json || application/json]}" onto public java.lang.Object org.springframework.boot.actuate.endpoint.mvc.EnvironmentMvcEndpoint.value(java.lang.String)
2017-12-04 13:04:21.696 |-INFO  [main] org.springframework.boot.actuate.endpoint.mvc.EndpointHandlerMapping [543] -| Mapped "{[/env || /env.json],methods=[GET],produces=[application/vnd.spring-boot.actuator.v1+json || application/json]}" onto public java.lang.Object org.springframework.boot.actuate.endpoint.mvc.EndpointMvcAdapter.invoke()
2017-12-04 13:04:21.697 |-INFO  [main] org.springframework.boot.actuate.endpoint.mvc.EndpointHandlerMapping [543] -| Mapped "{[/autoconfig || /autoconfig.json],methods=[GET],produces=[application/vnd.spring-boot.actuator.v1+json || application/json]}" onto public java.lang.Object org.springframework.boot.actuate.endpoint.mvc.EndpointMvcAdapter.invoke()
2017-12-04 13:04:21.700 |-INFO  [main] org.springframework.boot.actuate.endpoint.mvc.EndpointHandlerMapping [543] -| Mapped "{[/mappings || /mappings.json],methods=[GET],produces=[application/vnd.spring-boot.actuator.v1+json || application/json]}" onto public java.lang.Object org.springframework.boot.actuate.endpoint.mvc.EndpointMvcAdapter.invoke()
2017-12-04 13:04:21.702 |-INFO  [main] org.springframework.boot.actuate.endpoint.mvc.EndpointHandlerMapping [543] -| Mapped "{[/loggers/{name:.*}],methods=[GET],produces=[application/vnd.spring-boot.actuator.v1+json || application/json]}" onto public java.lang.Object org.springframework.boot.actuate.endpoint.mvc.LoggersMvcEndpoint.get(java.lang.String)
2017-12-04 13:04:21.703 |-INFO  [main] org.springframework.boot.actuate.endpoint.mvc.EndpointHandlerMapping [543] -| Mapped "{[/loggers/{name:.*}],methods=[POST],consumes=[application/vnd.spring-boot.actuator.v1+json || application/json],produces=[application/vnd.spring-boot.actuator.v1+json || application/json]}" onto public java.lang.Object org.springframework.boot.actuate.endpoint.mvc.LoggersMvcEndpoint.set(java.lang.String,java.util.Map<java.lang.String, java.lang.String>)
2017-12-04 13:04:21.703 |-INFO  [main] org.springframework.boot.actuate.endpoint.mvc.EndpointHandlerMapping [543] -| Mapped "{[/loggers || /loggers.json],methods=[GET],produces=[application/vnd.spring-boot.actuator.v1+json || application/json]}" onto public java.lang.Object org.springframework.boot.actuate.endpoint.mvc.EndpointMvcAdapter.invoke()
2017-12-04 13:04:21.704 |-INFO  [main] org.springframework.boot.actuate.endpoint.mvc.EndpointHandlerMapping [543] -| Mapped "{[/heapdump || /heapdump.json],methods=[GET],produces=[application/octet-stream]}" onto public void org.springframework.boot.actuate.endpoint.mvc.HeapdumpMvcEndpoint.invoke(boolean,javax.servlet.http.HttpServletRequest,javax.servlet.http.HttpServletResponse) throws java.io.IOException,javax.servlet.ServletException
2017-12-04 13:04:21.705 |-INFO  [main] org.springframework.boot.actuate.endpoint.mvc.EndpointHandlerMapping [543] -| Mapped "{[/resume || /resume.json],methods=[POST]}" onto public java.lang.Object org.springframework.cloud.endpoint.GenericPostableMvcEndpoint.invoke()
2017-12-04 13:04:21.706 |-INFO  [main] org.springframework.boot.actuate.endpoint.mvc.EndpointHandlerMapping [543] -| Mapped "{[/health || /health.json],methods=[GET],produces=[application/vnd.spring-boot.actuator.v1+json || application/json]}" onto public java.lang.Object org.springframework.boot.actuate.endpoint.mvc.HealthMvcEndpoint.invoke(javax.servlet.http.HttpServletRequest,java.security.Principal)
2017-12-04 13:04:21.707 |-INFO  [main] org.springframework.boot.actuate.endpoint.mvc.EndpointHandlerMapping [543] -| Mapped "{[/metrics/{name:.*}],methods=[GET],produces=[application/vnd.spring-boot.actuator.v1+json || application/json]}" onto public java.lang.Object org.springframework.boot.actuate.endpoint.mvc.MetricsMvcEndpoint.value(java.lang.String)
2017-12-04 13:04:21.708 |-INFO  [main] org.springframework.boot.actuate.endpoint.mvc.EndpointHandlerMapping [543] -| Mapped "{[/metrics || /metrics.json],methods=[GET],produces=[application/vnd.spring-boot.actuator.v1+json || application/json]}" onto public java.lang.Object org.springframework.boot.actuate.endpoint.mvc.EndpointMvcAdapter.invoke()
2017-12-04 13:04:21.709 |-INFO  [main] org.springframework.boot.actuate.endpoint.mvc.EndpointHandlerMapping [543] -| Mapped "{[/info || /info.json],methods=[GET],produces=[application/vnd.spring-boot.actuator.v1+json || application/json]}" onto public java.lang.Object org.springframework.boot.actuate.endpoint.mvc.EndpointMvcAdapter.invoke()
2017-12-04 13:04:21.710 |-INFO  [main] org.springframework.boot.actuate.endpoint.mvc.EndpointHandlerMapping [543] -| Mapped "{[/features || /features.json],methods=[GET],produces=[application/vnd.spring-boot.actuator.v1+json || application/json]}" onto public java.lang.Object org.springframework.boot.actuate.endpoint.mvc.EndpointMvcAdapter.invoke()
2017-12-04 13:04:21.713 |-INFO  [main] org.springframework.boot.actuate.endpoint.mvc.EndpointHandlerMapping [543] -| Mapped "{[/restart || /restart.json],methods=[POST]}" onto public java.lang.Object org.springframework.cloud.context.restart.RestartMvcEndpoint.invoke()
2017-12-04 13:04:21.714 |-INFO  [main] org.springframework.boot.actuate.endpoint.mvc.EndpointHandlerMapping [543] -| Mapped "{[/dump || /dump.json],methods=[GET],produces=[application/vnd.spring-boot.actuator.v1+json || application/json]}" onto public java.lang.Object org.springframework.boot.actuate.endpoint.mvc.EndpointMvcAdapter.invoke()
2017-12-04 13:04:21.715 |-INFO  [main] org.springframework.boot.actuate.endpoint.mvc.EndpointHandlerMapping [543] -| Mapped "{[/trace || /trace.json],methods=[GET],produces=[application/vnd.spring-boot.actuator.v1+json || application/json]}" onto public java.lang.Object org.springframework.boot.actuate.endpoint.mvc.EndpointMvcAdapter.invoke()
2017-12-04 13:04:21.716 |-INFO  [main] org.springframework.boot.actuate.endpoint.mvc.EndpointHandlerMapping [543] -| Mapped "{[/configprops || /configprops.json],methods=[GET],produces=[application/vnd.spring-boot.actuator.v1+json || application/json]}" onto public java.lang.Object org.springframework.boot.actuate.endpoint.mvc.EndpointMvcAdapter.invoke()
2017-12-04 13:04:21.717 |-INFO  [main] org.springframework.boot.actuate.endpoint.mvc.EndpointHandlerMapping [543] -| Mapped "{[/pause || /pause.json],methods=[POST]}" onto public java.lang.Object org.springframework.cloud.endpoint.GenericPostableMvcEndpoint.invoke()
2017-12-04 13:04:21.950 |-INFO  [main] org.springframework.ui.freemarker.SpringTemplateLoader [61] -| SpringTemplateLoader for FreeMarker: using resource loader [org.springframework.boot.context.embedded.AnnotationConfigEmbeddedWebApplicationContext@189aa67a: startup date [Mon Dec 04 13:04:15 CST 2017]; parent: org.springframework.context.annotation.AnnotationConfigApplicationContext@3bf7ca37] and template loader path [classpath:/templates/]
2017-12-04 13:04:21.952 |-INFO  [main] org.springframework.web.servlet.view.freemarker.FreeMarkerConfigurer [127] -| ClassTemplateLoader for Spring macros added to FreeMarker configuration
2017-12-04 13:04:22.115 |-INFO  [main] org.springframework.cloud.netflix.eureka.InstanceInfoFactory [70] -| Setting initial instance status as: STARTING
2017-12-04 13:04:22.208 |-INFO  [main] com.netflix.discovery.DiscoveryClient [344] -| Initializing Eureka in region us-east-1
2017-12-04 13:04:22.209 |-INFO  [main] com.netflix.discovery.DiscoveryClient [347] -| Client configured to neither register nor query for data.
2017-12-04 13:04:22.234 |-INFO  [main] com.netflix.discovery.DiscoveryClient [361] -| Discovery Client initialized at timestamp 1512363862234 with initial instances count: 0
2017-12-04 13:04:22.371 |-INFO  [main] com.netflix.eureka.DefaultEurekaServerContext [63] -| Initializing ...
2017-12-04 13:04:22.373 |-WARN  [main] com.netflix.eureka.cluster.PeerEurekaNodes [156] -| The replica size seems to be empty. Check the route 53 DNS Registry
2017-12-04 13:04:22.389 |-INFO  [main] com.netflix.eureka.registry.AbstractInstanceRegistry [152] -| Finished initializing remote region registries. All known remote regions: []
2017-12-04 13:04:22.390 |-INFO  [main] com.netflix.eureka.DefaultEurekaServerContext [66] -| Initialized
2017-12-04 13:04:22.496 |-INFO  [main] org.springframework.jmx.export.annotation.AnnotationMBeanExporter [431] -| Registering beans for JMX exposure on startup
2017-12-04 13:04:22.513 |-INFO  [main] org.springframework.jmx.export.annotation.AnnotationMBeanExporter [916] -| Bean with name 'environmentManager' has been autodetected for JMX exposure
2017-12-04 13:04:22.515 |-INFO  [main] org.springframework.jmx.export.annotation.AnnotationMBeanExporter [916] -| Bean with name 'configurationPropertiesRebinder' has been autodetected for JMX exposure
2017-12-04 13:04:22.516 |-INFO  [main] org.springframework.jmx.export.annotation.AnnotationMBeanExporter [916] -| Bean with name 'refreshEndpoint' has been autodetected for JMX exposure
2017-12-04 13:04:22.517 |-INFO  [main] org.springframework.jmx.export.annotation.AnnotationMBeanExporter [916] -| Bean with name 'restartEndpoint' has been autodetected for JMX exposure
2017-12-04 13:04:22.519 |-INFO  [main] org.springframework.jmx.export.annotation.AnnotationMBeanExporter [916] -| Bean with name 'serviceRegistryEndpoint' has been autodetected for JMX exposure
2017-12-04 13:04:22.520 |-INFO  [main] org.springframework.jmx.export.annotation.AnnotationMBeanExporter [916] -| Bean with name 'refreshScope' has been autodetected for JMX exposure
2017-12-04 13:04:22.523 |-INFO  [main] org.springframework.jmx.export.annotation.AnnotationMBeanExporter [678] -| Located managed bean 'environmentManager': registering with JMX server as MBean [org.springframework.cloud.context.environment:name=environmentManager,type=EnvironmentManager]
2017-12-04 13:04:22.539 |-INFO  [main] org.springframework.jmx.export.annotation.AnnotationMBeanExporter [678] -| Located managed bean 'restartEndpoint': registering with JMX server as MBean [org.springframework.cloud.context.restart:name=restartEndpoint,type=RestartEndpoint]
2017-12-04 13:04:22.556 |-INFO  [main] org.springframework.jmx.export.annotation.AnnotationMBeanExporter [678] -| Located managed bean 'serviceRegistryEndpoint': registering with JMX server as MBean [org.springframework.cloud.client.serviceregistry.endpoint:name=serviceRegistryEndpoint,type=ServiceRegistryEndpoint]
2017-12-04 13:04:22.568 |-INFO  [main] org.springframework.jmx.export.annotation.AnnotationMBeanExporter [678] -| Located managed bean 'refreshScope': registering with JMX server as MBean [org.springframework.cloud.context.scope.refresh:name=refreshScope,type=RefreshScope]
2017-12-04 13:04:22.581 |-INFO  [main] org.springframework.jmx.export.annotation.AnnotationMBeanExporter [678] -| Located managed bean 'configurationPropertiesRebinder': registering with JMX server as MBean [org.springframework.cloud.context.properties:name=configurationPropertiesRebinder,context=189aa67a,type=ConfigurationPropertiesRebinder]
2017-12-04 13:04:22.587 |-INFO  [main] org.springframework.jmx.export.annotation.AnnotationMBeanExporter [678] -| Located managed bean 'refreshEndpoint': registering with JMX server as MBean [org.springframework.cloud.endpoint:name=refreshEndpoint,type=RefreshEndpoint]
2017-12-04 13:04:22.589 |-INFO  [main] org.springframework.boot.actuate.endpoint.jmx.EndpointMBeanExporter [431] -| Registering beans for JMX exposure on startup
2017-12-04 13:04:22.810 |-INFO  [main] org.springframework.context.support.DefaultLifecycleProcessor [343] -| Starting beans in phase 0
2017-12-04 13:04:22.810 |-INFO  [main] org.springframework.cloud.netflix.eureka.serviceregistry.EurekaServiceRegistry [40] -| Registering application unknown with eureka with status UP
2017-12-04 13:04:22.814 |-INFO  [main] org.springframework.boot.actuate.endpoint.jmx.EndpointMBeanExporter [678] -| Located managed bean 'auditEventsEndpoint': registering with JMX server as MBean [org.springframework.boot:type=Endpoint,name=auditEventsEndpoint]
2017-12-04 13:04:22.820 |-INFO  [main] org.springframework.boot.actuate.endpoint.jmx.EndpointMBeanExporter [678] -| Located managed bean 'archaiusEndpoint': registering with JMX server as MBean [org.springframework.boot:type=Endpoint,name=archaiusEndpoint]
2017-12-04 13:04:22.826 |-INFO  [main] org.springframework.boot.actuate.endpoint.jmx.EndpointMBeanExporter [678] -| Located managed bean 'featuresEndpoint': registering with JMX server as MBean [org.springframework.boot:type=Endpoint,name=featuresEndpoint]
2017-12-04 13:04:22.829 |-INFO  [main] org.springframework.boot.actuate.endpoint.jmx.EndpointMBeanExporter [678] -| Located managed bean 'requestMappingEndpoint': registering with JMX server as MBean [org.springframework.boot:type=Endpoint,name=requestMappingEndpoint]
2017-12-04 13:04:22.832 |-INFO  [main] org.springframework.boot.actuate.endpoint.jmx.EndpointMBeanExporter [678] -| Located managed bean 'environmentEndpoint': registering with JMX server as MBean [org.springframework.boot:type=Endpoint,name=environmentEndpoint]
2017-12-04 13:04:22.835 |-INFO  [main] org.springframework.boot.actuate.endpoint.jmx.EndpointMBeanExporter [678] -| Located managed bean 'healthEndpoint': registering with JMX server as MBean [org.springframework.boot:type=Endpoint,name=healthEndpoint]
2017-12-04 13:04:22.837 |-INFO  [main] org.springframework.boot.actuate.endpoint.jmx.EndpointMBeanExporter [678] -| Located managed bean 'beansEndpoint': registering with JMX server as MBean [org.springframework.boot:type=Endpoint,name=beansEndpoint]
2017-12-04 13:04:22.840 |-INFO  [main] org.springframework.boot.actuate.endpoint.jmx.EndpointMBeanExporter [678] -| Located managed bean 'infoEndpoint': registering with JMX server as MBean [org.springframework.boot:type=Endpoint,name=infoEndpoint]
2017-12-04 13:04:22.843 |-INFO  [main] org.springframework.boot.actuate.endpoint.jmx.EndpointMBeanExporter [678] -| Located managed bean 'loggersEndpoint': registering with JMX server as MBean [org.springframework.boot:type=Endpoint,name=loggersEndpoint]
2017-12-04 13:04:22.848 |-INFO  [main] org.springframework.boot.actuate.endpoint.jmx.EndpointMBeanExporter [678] -| Located managed bean 'metricsEndpoint': registering with JMX server as MBean [org.springframework.boot:type=Endpoint,name=metricsEndpoint]
2017-12-04 13:04:22.851 |-INFO  [main] org.springframework.boot.actuate.endpoint.jmx.EndpointMBeanExporter [678] -| Located managed bean 'traceEndpoint': registering with JMX server as MBean [org.springframework.boot:type=Endpoint,name=traceEndpoint]
2017-12-04 13:04:22.854 |-INFO  [main] org.springframework.boot.actuate.endpoint.jmx.EndpointMBeanExporter [678] -| Located managed bean 'dumpEndpoint': registering with JMX server as MBean [org.springframework.boot:type=Endpoint,name=dumpEndpoint]
2017-12-04 13:04:22.856 |-INFO  [main] org.springframework.boot.actuate.endpoint.jmx.EndpointMBeanExporter [678] -| Located managed bean 'autoConfigurationReportEndpoint': registering with JMX server as MBean [org.springframework.boot:type=Endpoint,name=autoConfigurationReportEndpoint]
2017-12-04 13:04:22.858 |-INFO  [main] org.springframework.boot.actuate.endpoint.jmx.EndpointMBeanExporter [678] -| Located managed bean 'configurationPropertiesReportEndpoint': registering with JMX server as MBean [org.springframework.boot:type=Endpoint,name=configurationPropertiesReportEndpoint]
2017-12-04 13:04:22.861 |-INFO  [Thread-12] org.springframework.cloud.netflix.eureka.server.EurekaServerBootstrap [107] -| Setting the eureka configuration..
2017-12-04 13:04:22.862 |-INFO  [Thread-12] org.springframework.cloud.netflix.eureka.server.EurekaServerBootstrap [112] -| Eureka data center value eureka.datacenter is not set, defaulting to default
2017-12-04 13:04:22.862 |-INFO  [Thread-12] org.springframework.cloud.netflix.eureka.server.EurekaServerBootstrap [126] -| Eureka environment value eureka.environment is not set, defaulting to test
2017-12-04 13:04:22.886 |-INFO  [Thread-12] org.springframework.cloud.netflix.eureka.server.EurekaServerBootstrap [182] -| isAws returned false
2017-12-04 13:04:22.887 |-INFO  [Thread-12] org.springframework.cloud.netflix.eureka.server.EurekaServerBootstrap [150] -| Initialized server context
2017-12-04 13:04:22.887 |-INFO  [Thread-12] com.netflix.eureka.registry.PeerAwareInstanceRegistryImpl [242] -| Got 1 instances from neighboring DS node
2017-12-04 13:04:22.887 |-INFO  [Thread-12] com.netflix.eureka.registry.PeerAwareInstanceRegistryImpl [243] -| Renew threshold is: 1
2017-12-04 13:04:22.888 |-INFO  [Thread-12] com.netflix.eureka.registry.PeerAwareInstanceRegistryImpl [254] -| Changing status to UP
2017-12-04 13:04:22.897 |-INFO  [Thread-12] org.springframework.cloud.netflix.eureka.server.EurekaServerInitializerConfiguration [71] -| Started Eureka Server
2017-12-04 13:04:22.952 |-INFO  [main] org.apache.coyote.http11.Http11NioProtocol [179] -| Initializing ProtocolHandler ["http-nio-8761"]
2017-12-04 13:04:22.969 |-INFO  [main] org.apache.coyote.http11.Http11NioProtocol [179] -| Starting ProtocolHandler ["http-nio-8761"]
2017-12-04 13:04:22.994 |-INFO  [main] org.apache.tomcat.util.net.NioSelectorPool [179] -| Using a shared selector for servlet write/read
2017-12-04 13:04:23.033 |-INFO  [main] org.springframework.boot.context.embedded.tomcat.TomcatEmbeddedServletContainer [201] -| Tomcat started on port(s): 8761 (http)
2017-12-04 13:04:23.034 |-INFO  [main] org.springframework.cloud.netflix.eureka.serviceregistry.EurekaAutoServiceRegistration [117] -| Updating port to 8761
2017-12-04 13:04:23.040 |-INFO  [main] com.yonyou.cloud.server.eureka.ServerEurekaApplication [57] -| Started ServerEurekaApplication in 10.41 seconds (JVM running for 11.381)
2017-12-04 13:04:35.802 |-INFO  [http-nio-8761-exec-1] org.apache.catalina.core.ContainerBase.[Tomcat].[localhost].[/] [179] -| Initializing Spring FrameworkServlet 'dispatcherServlet'
2017-12-04 13:04:35.802 |-INFO  [http-nio-8761-exec-1] org.springframework.web.servlet.DispatcherServlet [489] -| FrameworkServlet 'dispatcherServlet': initialization started
2017-12-04 13:04:35.826 |-INFO  [http-nio-8761-exec-1] org.springframework.web.servlet.DispatcherServlet [508] -| FrameworkServlet 'dispatcherServlet': initialization completed in 23 ms
2017-12-04 13:04:36.297 |-INFO  [http-nio-8761-exec-2] com.netflix.eureka.registry.AbstractInstanceRegistry [267] -| Registered instance SERVER-CONFIG/192.168.1.102:8888 with status UP (replication=false)
2017-12-04 13:05:22.891 |-INFO  [Eureka-EvictionTimer] com.netflix.eureka.registry.AbstractInstanceRegistry [1254] -| Running the evict task with compensationTime 0ms
2017-12-04 13:06:22.893 |-INFO  [Eureka-EvictionTimer] com.netflix.eureka.registry.AbstractInstanceRegistry [1254] -| Running the evict task with compensationTime 0ms
2017-12-04 13:06:25.776 |-INFO  [http-nio-8761-exec-3] com.netflix.eureka.registry.AbstractInstanceRegistry [267] -| Registered instance SERVER-CONFIG/192.168.1.102:8888 with status DOWN (replication=false)
2017-12-04 13:06:25.789 |-INFO  [http-nio-8761-exec-4] com.netflix.eureka.registry.AbstractInstanceRegistry [331] -| Cancelled instance SERVER-CONFIG/192.168.1.102:8888 (replication=false)
2017-12-04 13:06:35.179 |-INFO  [http-nio-8761-exec-7] com.netflix.eureka.registry.AbstractInstanceRegistry [267] -| Registered instance SERVER-CONFIG/192.168.1.102:8888 with status UP (replication=false)
2017-12-04 13:07:00.726 |-INFO  [http-nio-8761-exec-9] com.netflix.eureka.registry.AbstractInstanceRegistry [267] -| Registered instance MONITOR/192.168.1.102:monitor:8000 with status UP (replication=false)
2017-12-04 13:07:22.896 |-INFO  [Eureka-EvictionTimer] com.netflix.eureka.registry.AbstractInstanceRegistry [1254] -| Running the evict task with compensationTime 0ms
2017-12-04 13:08:22.900 |-INFO  [Eureka-EvictionTimer] com.netflix.eureka.registry.AbstractInstanceRegistry [1254] -| Running the evict task with compensationTime 1ms
2017-12-04 13:09:22.903 |-INFO  [Eureka-EvictionTimer] com.netflix.eureka.registry.AbstractInstanceRegistry [1254] -| Running the evict task with compensationTime 0ms
2017-12-04 13:10:22.909 |-INFO  [Eureka-EvictionTimer] com.netflix.eureka.registry.AbstractInstanceRegistry [1254] -| Running the evict task with compensationTime 4ms
2017-12-04 13:11:22.914 |-INFO  [Eureka-EvictionTimer] com.netflix.eureka.registry.AbstractInstanceRegistry [1254] -| Running the evict task with compensationTime 2ms
2017-12-04 13:12:22.920 |-INFO  [Eureka-EvictionTimer] com.netflix.eureka.registry.AbstractInstanceRegistry [1254] -| Running the evict task with compensationTime 3ms
