2017-12-04 13:06:53.085 |-INFO  [main] org.springframework.context.annotation.AnnotationConfigApplicationContext [583] -| Refreshing org.springframework.context.annotation.AnnotationConfigApplicationContext@2f4948e4: startup date [Mon Dec 04 13:06:53 CST 2017]; root of context hierarchy
2017-12-04 13:06:53.382 |-INFO  [background-preinit] org.hibernate.validator.internal.util.Version [30] -| HV000001: Hibernate Validator 5.3.5.Final
2017-12-04 13:06:53.583 |-INFO  [main] org.springframework.beans.factory.annotation.AutowiredAnnotationBeanPostProcessor [155] -| JSR-330 'javax.inject.Inject' annotation found and supported for autowiring
2017-12-04 13:06:53.626 |-INFO  [main] org.springframework.context.support.PostProcessorRegistrationDelegate$BeanPostProcessorChecker [327] -| Bean 'configurationPropertiesRebinderAutoConfiguration' of type [org.springframework.cloud.autoconfigure.ConfigurationPropertiesRebinderAutoConfiguration$$EnhancerBySpringCGLIB$$30598932] is not eligible for getting processed by all BeanPostProcessors (for example: not eligible for auto-proxying)
2017-12-04 13:06:53.997 |-INFO  [main] com.yonyou.cloud.server.monitor.ServerMonitorApplication [593] -| No active profile set, falling back to default profiles: default
2017-12-04 13:06:54.027 |-INFO  [main] org.springframework.boot.context.embedded.AnnotationConfigEmbeddedWebApplicationContext [583] -| Refreshing org.springframework.boot.context.embedded.AnnotationConfigEmbeddedWebApplicationContext@7b84fcf8: startup date [Mon Dec 04 13:06:54 CST 2017]; parent: org.springframework.context.annotation.AnnotationConfigApplicationContext@2f4948e4
2017-12-04 13:06:54.888 |-INFO  [main] org.springframework.beans.factory.support.DefaultListableBeanFactory [828] -| Overriding bean definition for bean 'counterFactory' with a different definition: replacing [Root bean: class [null]; scope=; abstract=false; lazyInit=false; autowireMode=3; dependencyCheck=0; autowireCandidate=true; primary=false; factoryBeanName=org.springframework.cloud.netflix.zuul.ZuulServerAutoConfiguration$ZuulMetricsConfiguration; factoryMethodName=counterFactory; initMethodName=null; destroyMethodName=(inferred); defined in class path resource [org/springframework/cloud/netflix/zuul/ZuulServerAutoConfiguration$ZuulMetricsConfiguration.class]] with [Root bean: class [null]; scope=; abstract=false; lazyInit=false; autowireMode=3; dependencyCheck=0; autowireCandidate=true; primary=false; factoryBeanName=org.springframework.cloud.netflix.zuul.ZuulServerAutoConfiguration$ZuulCounterFactoryConfiguration; factoryMethodName=counterFactory; initMethodName=null; destroyMethodName=(inferred); defined in class path resource [org/springframework/cloud/netflix/zuul/ZuulServerAutoConfiguration$ZuulCounterFactoryConfiguration.class]]
2017-12-04 13:06:54.957 |-INFO  [main] org.springframework.beans.factory.support.DefaultListableBeanFactory [828] -| Overriding bean definition for bean 'zuulRefreshRoutesListener' with a different definition: replacing [Root bean: class [null]; scope=; abstract=false; lazyInit=false; autowireMode=3; dependencyCheck=0; autowireCandidate=true; primary=false; factoryBeanName=org.springframework.cloud.netflix.zuul.ZuulServerAutoConfiguration; factoryMethodName=zuulRefreshRoutesListener; initMethodName=null; destroyMethodName=(inferred); defined in class path resource [org/springframework/cloud/netflix/zuul/ZuulServerAutoConfiguration.class]] with [Root bean: class [null]; scope=; abstract=false; lazyInit=false; autowireMode=3; dependencyCheck=0; autowireCandidate=true; primary=false; factoryBeanName=de.codecentric.boot.admin.config.RevereseZuulProxyConfiguration; factoryMethodName=zuulRefreshRoutesListener; initMethodName=null; destroyMethodName=(inferred); defined in class path resource [de/codecentric/boot/admin/config/RevereseZuulProxyConfiguration.class]]
2017-12-04 13:06:55.476 |-INFO  [main] org.springframework.cloud.context.scope.GenericScope [263] -| BeanFactory id=218bbccf-17fc-3ede-adf7-1bfbc45f8e7f
2017-12-04 13:06:55.518 |-INFO  [main] org.springframework.beans.factory.annotation.AutowiredAnnotationBeanPostProcessor [155] -| JSR-330 'javax.inject.Inject' annotation found and supported for autowiring
2017-12-04 13:06:55.647 |-INFO  [main] org.springframework.context.support.PostProcessorRegistrationDelegate$BeanPostProcessorChecker [327] -| Bean 'org.springframework.cloud.netflix.metrics.MetricsInterceptorConfiguration$MetricsRestTemplateConfiguration' of type [org.springframework.cloud.netflix.metrics.MetricsInterceptorConfiguration$MetricsRestTemplateConfiguration$$EnhancerBySpringCGLIB$$466c2c76] is not eligible for getting processed by all BeanPostProcessors (for example: not eligible for auto-proxying)
2017-12-04 13:06:55.671 |-INFO  [main] org.springframework.context.support.PostProcessorRegistrationDelegate$BeanPostProcessorChecker [327] -| Bean 'org.springframework.cloud.autoconfigure.ConfigurationPropertiesRebinderAutoConfiguration' of type [org.springframework.cloud.autoconfigure.ConfigurationPropertiesRebinderAutoConfiguration$$EnhancerBySpringCGLIB$$30598932] is not eligible for getting processed by all BeanPostProcessors (for example: not eligible for auto-proxying)
2017-12-04 13:06:56.075 |-INFO  [main] org.springframework.boot.context.embedded.tomcat.TomcatEmbeddedServletContainer [89] -| Tomcat initialized with port(s): 8000 (http)
2017-12-04 13:06:56.090 |-INFO  [main] org.apache.catalina.core.StandardService [179] -| Starting service [Tomcat]
2017-12-04 13:06:56.092 |-INFO  [main] org.apache.catalina.core.StandardEngine [179] -| Starting Servlet Engine: Apache Tomcat/8.5.23
2017-12-04 13:06:56.247 |-INFO  [localhost-startStop-1] org.apache.catalina.core.ContainerBase.[Tomcat].[localhost].[/] [179] -| Initializing Spring embedded WebApplicationContext
2017-12-04 13:06:56.247 |-INFO  [localhost-startStop-1] org.springframework.web.context.ContextLoader [276] -| Root WebApplicationContext: initialization completed in 2220 ms
2017-12-04 13:06:56.694 |-INFO  [localhost-startStop-1] org.springframework.boot.web.servlet.ServletRegistrationBean [190] -| Mapping servlet: 'dispatcherServlet' to [/]
2017-12-04 13:06:56.696 |-INFO  [localhost-startStop-1] org.springframework.boot.web.servlet.ServletRegistrationBean [190] -| Mapping servlet: 'zuulServlet' to [/zuul/*]
2017-12-04 13:06:56.700 |-INFO  [localhost-startStop-1] org.springframework.boot.web.servlet.FilterRegistrationBean [258] -| Mapping filter: 'metricsFilter' to: [/*]
2017-12-04 13:06:56.701 |-INFO  [localhost-startStop-1] org.springframework.boot.web.servlet.FilterRegistrationBean [258] -| Mapping filter: 'characterEncodingFilter' to: [/*]
2017-12-04 13:06:56.701 |-INFO  [localhost-startStop-1] org.springframework.boot.web.servlet.FilterRegistrationBean [258] -| Mapping filter: 'hiddenHttpMethodFilter' to: [/*]
2017-12-04 13:06:56.701 |-INFO  [localhost-startStop-1] org.springframework.boot.web.servlet.FilterRegistrationBean [258] -| Mapping filter: 'httpPutFormContentFilter' to: [/*]
2017-12-04 13:06:56.702 |-INFO  [localhost-startStop-1] org.springframework.boot.web.servlet.FilterRegistrationBean [258] -| Mapping filter: 'requestContextFilter' to: [/*]
2017-12-04 13:06:56.704 |-INFO  [localhost-startStop-1] org.springframework.boot.web.servlet.FilterRegistrationBean [258] -| Mapping filter: 'webRequestLoggingFilter' to: [/*]
2017-12-04 13:06:56.705 |-INFO  [localhost-startStop-1] org.springframework.boot.web.servlet.FilterRegistrationBean [258] -| Mapping filter: 'applicationContextIdFilter' to: [/*]
2017-12-04 13:06:57.108 |-WARN  [main] com.netflix.config.sources.URLConfigurationSource [121] -| No URLs will be polled as dynamic configuration sources.
2017-12-04 13:06:57.109 |-INFO  [main] com.netflix.config.sources.URLConfigurationSource [122] -| To enable URLs as dynamic configuration sources, define System property archaius.configurationSource.additionalUrls or make config.properties available on classpath.
2017-12-04 13:06:57.118 |-WARN  [main] com.netflix.config.sources.URLConfigurationSource [121] -| No URLs will be polled as dynamic configuration sources.
2017-12-04 13:06:57.119 |-INFO  [main] com.netflix.config.sources.URLConfigurationSource [122] -| To enable URLs as dynamic configuration sources, define System property archaius.configurationSource.additionalUrls or make config.properties available on classpath.
2017-12-04 13:06:57.410 |-INFO  [main] org.springframework.web.servlet.mvc.method.annotation.RequestMappingHandlerAdapter [534] -| Looking for @ControllerAdvice: org.springframework.boot.context.embedded.AnnotationConfigEmbeddedWebApplicationContext@7b84fcf8: startup date [Mon Dec 04 13:06:54 CST 2017]; parent: org.springframework.context.annotation.AnnotationConfigApplicationContext@2f4948e4
2017-12-04 13:06:57.562 |-INFO  [main] org.springframework.web.servlet.mvc.method.annotation.RequestMappingHandlerMapping [543] -| Mapped "{[/error]}" onto public org.springframework.http.ResponseEntity<java.util.Map<java.lang.String, java.lang.Object>> org.springframework.boot.autoconfigure.web.BasicErrorController.error(javax.servlet.http.HttpServletRequest)
2017-12-04 13:06:57.564 |-INFO  [main] org.springframework.web.servlet.mvc.method.annotation.RequestMappingHandlerMapping [543] -| Mapped "{[/error],produces=[text/html]}" onto public org.springframework.web.servlet.ModelAndView org.springframework.boot.autoconfigure.web.BasicErrorController.errorHtml(javax.servlet.http.HttpServletRequest,javax.servlet.http.HttpServletResponse)
2017-12-04 13:06:57.746 |-INFO  [main] org.springframework.web.servlet.mvc.method.annotation.RequestMappingHandlerMapping [543] -| Mapped "{[/api/applications/{id}],methods=[GET]}" onto public org.springframework.http.ResponseEntity<?> de.codecentric.boot.admin.registry.web.RegistryController.get(java.lang.String)
2017-12-04 13:06:57.747 |-INFO  [main] org.springframework.web.servlet.mvc.method.annotation.RequestMappingHandlerMapping [543] -| Mapped "{[/api/applications],methods=[POST]}" onto public org.springframework.http.ResponseEntity<?> de.codecentric.boot.admin.registry.web.RegistryController.register(de.codecentric.boot.admin.model.Application,org.springframework.web.util.UriComponentsBuilder)
2017-12-04 13:06:57.748 |-INFO  [main] org.springframework.web.servlet.mvc.method.annotation.RequestMappingHandlerMapping [543] -| Mapped "{[/api/applications],methods=[GET]}" onto public java.util.Collection<de.codecentric.boot.admin.model.Application> de.codecentric.boot.admin.registry.web.RegistryController.applications(java.lang.String)
2017-12-04 13:06:57.748 |-INFO  [main] org.springframework.web.servlet.mvc.method.annotation.RequestMappingHandlerMapping [543] -| Mapped "{[/api/applications/{id}],methods=[DELETE]}" onto public org.springframework.http.ResponseEntity<?> de.codecentric.boot.admin.registry.web.RegistryController.unregister(java.lang.String)
2017-12-04 13:06:57.752 |-INFO  [main] org.springframework.web.servlet.mvc.method.annotation.RequestMappingHandlerMapping [543] -| Mapped "{[/api/journal],produces=[application/json]}" onto public java.util.Collection<de.codecentric.boot.admin.event.ClientApplicationEvent> de.codecentric.boot.admin.journal.web.JournalController.getJournal()
2017-12-04 13:06:57.753 |-INFO  [main] org.springframework.web.servlet.mvc.method.annotation.RequestMappingHandlerMapping [543] -| Mapped "{[/api/journal],produces=[text/event-stream]}" onto public org.springframework.web.servlet.mvc.method.annotation.SseEmitter de.codecentric.boot.admin.journal.web.JournalController.getJournalEvents()
2017-12-04 13:06:57.770 |-INFO  [main] org.springframework.web.servlet.handler.SimpleUrlHandlerMapping [349] -| Root mapping to handler of type [class org.springframework.web.servlet.mvc.ParameterizableViewController]
2017-12-04 13:06:57.801 |-WARN  [main] org.springframework.web.servlet.resource.ResourceHttpRequestHandler [252] -| Locations list is empty. No resources will be served unless a custom ResourceResolver is configured as an alternative to PathResourceResolver.
2017-12-04 13:06:57.801 |-WARN  [main] org.springframework.web.servlet.resource.ResourceHttpRequestHandler [252] -| Locations list is empty. No resources will be served unless a custom ResourceResolver is configured as an alternative to PathResourceResolver.
2017-12-04 13:06:57.803 |-INFO  [main] org.springframework.web.servlet.handler.SimpleUrlHandlerMapping [362] -| Mapped URL path [/webjars/**] onto handler of type [class org.springframework.web.servlet.resource.ResourceHttpRequestHandler]
2017-12-04 13:06:57.804 |-INFO  [main] org.springframework.web.servlet.handler.SimpleUrlHandlerMapping [362] -| Mapped URL path [/**] onto handler of type [class org.springframework.web.servlet.resource.ResourceHttpRequestHandler]
2017-12-04 13:06:57.804 |-INFO  [main] org.springframework.web.servlet.handler.SimpleUrlHandlerMapping [362] -| Mapped URL path [/all-modules.css] onto handler of type [class org.springframework.web.servlet.resource.ResourceHttpRequestHandler]
2017-12-04 13:06:57.804 |-INFO  [main] org.springframework.web.servlet.handler.SimpleUrlHandlerMapping [362] -| Mapped URL path [/all-modules.js] onto handler of type [class org.springframework.web.servlet.resource.ResourceHttpRequestHandler]
2017-12-04 13:06:57.856 |-INFO  [main] org.springframework.web.servlet.handler.SimpleUrlHandlerMapping [362] -| Mapped URL path [/**/favicon.ico] onto handler of type [class org.springframework.web.servlet.resource.ResourceHttpRequestHandler]
2017-12-04 13:06:58.586 |-INFO  [main] org.springframework.boot.actuate.endpoint.mvc.EndpointHandlerMapping [543] -| Mapped "{[/autoconfig || /autoconfig.json],methods=[GET],produces=[application/vnd.spring-boot.actuator.v1+json || application/json]}" onto public java.lang.Object org.springframework.boot.actuate.endpoint.mvc.EndpointMvcAdapter.invoke()
2017-12-04 13:06:58.587 |-INFO  [main] org.springframework.boot.actuate.endpoint.mvc.EndpointHandlerMapping [543] -| Mapped "{[/configprops || /configprops.json],methods=[GET],produces=[application/vnd.spring-boot.actuator.v1+json || application/json]}" onto public java.lang.Object org.springframework.boot.actuate.endpoint.mvc.EndpointMvcAdapter.invoke()
2017-12-04 13:06:58.588 |-INFO  [main] org.springframework.boot.actuate.endpoint.mvc.EndpointHandlerMapping [543] -| Mapped "{[/archaius || /archaius.json],methods=[GET],produces=[application/vnd.spring-boot.actuator.v1+json || application/json]}" onto public java.lang.Object org.springframework.boot.actuate.endpoint.mvc.EndpointMvcAdapter.invoke()
2017-12-04 13:06:58.592 |-INFO  [main] org.springframework.boot.actuate.endpoint.mvc.EndpointHandlerMapping [543] -| Mapped "{[/loggers/{name:.*}],methods=[GET],produces=[application/vnd.spring-boot.actuator.v1+json || application/json]}" onto public java.lang.Object org.springframework.boot.actuate.endpoint.mvc.LoggersMvcEndpoint.get(java.lang.String)
2017-12-04 13:06:58.592 |-INFO  [main] org.springframework.boot.actuate.endpoint.mvc.EndpointHandlerMapping [543] -| Mapped "{[/loggers/{name:.*}],methods=[POST],consumes=[application/vnd.spring-boot.actuator.v1+json || application/json],produces=[application/vnd.spring-boot.actuator.v1+json || application/json]}" onto public java.lang.Object org.springframework.boot.actuate.endpoint.mvc.LoggersMvcEndpoint.set(java.lang.String,java.util.Map<java.lang.String, java.lang.String>)
2017-12-04 13:06:58.593 |-INFO  [main] org.springframework.boot.actuate.endpoint.mvc.EndpointHandlerMapping [543] -| Mapped "{[/loggers || /loggers.json],methods=[GET],produces=[application/vnd.spring-boot.actuator.v1+json || application/json]}" onto public java.lang.Object org.springframework.boot.actuate.endpoint.mvc.EndpointMvcAdapter.invoke()
2017-12-04 13:06:58.594 |-INFO  [main] org.springframework.boot.actuate.endpoint.mvc.EndpointHandlerMapping [543] -| Mapped "{[/dump || /dump.json],methods=[GET],produces=[application/vnd.spring-boot.actuator.v1+json || application/json]}" onto public java.lang.Object org.springframework.boot.actuate.endpoint.mvc.EndpointMvcAdapter.invoke()
2017-12-04 13:06:58.595 |-INFO  [main] org.springframework.boot.actuate.endpoint.mvc.EndpointHandlerMapping [543] -| Mapped "{[/pause || /pause.json],methods=[POST]}" onto public java.lang.Object org.springframework.cloud.endpoint.GenericPostableMvcEndpoint.invoke()
2017-12-04 13:06:58.596 |-INFO  [main] org.springframework.boot.actuate.endpoint.mvc.EndpointHandlerMapping [543] -| Mapped "{[/info || /info.json],methods=[GET],produces=[application/vnd.spring-boot.actuator.v1+json || application/json]}" onto public java.lang.Object org.springframework.boot.actuate.endpoint.mvc.EndpointMvcAdapter.invoke()
2017-12-04 13:06:58.597 |-INFO  [main] org.springframework.boot.actuate.endpoint.mvc.EndpointHandlerMapping [543] -| Mapped "{[/resume || /resume.json],methods=[POST]}" onto public java.lang.Object org.springframework.cloud.endpoint.GenericPostableMvcEndpoint.invoke()
2017-12-04 13:06:58.598 |-INFO  [main] org.springframework.boot.actuate.endpoint.mvc.EndpointHandlerMapping [543] -| Mapped "{[/features || /features.json],methods=[GET],produces=[application/vnd.spring-boot.actuator.v1+json || application/json]}" onto public java.lang.Object org.springframework.boot.actuate.endpoint.mvc.EndpointMvcAdapter.invoke()
2017-12-04 13:06:58.599 |-INFO  [main] org.springframework.boot.actuate.endpoint.mvc.EndpointHandlerMapping [543] -| Mapped "{[/routes || /routes.json],methods=[GET],produces=[application/vnd.spring-boot.actuator.v1+json || application/json]}" onto public java.lang.Object org.springframework.boot.actuate.endpoint.mvc.EndpointMvcAdapter.invoke()
2017-12-04 13:06:58.601 |-INFO  [main] org.springframework.boot.actuate.endpoint.mvc.EndpointHandlerMapping [543] -| Mapped "{[/env],methods=[POST]}" onto public java.lang.Object org.springframework.cloud.context.environment.EnvironmentManagerMvcEndpoint.value(java.util.Map<java.lang.String, java.lang.String>)
2017-12-04 13:06:58.601 |-INFO  [main] org.springframework.boot.actuate.endpoint.mvc.EndpointHandlerMapping [543] -| Mapped "{[/env/reset],methods=[POST]}" onto public java.util.Map<java.lang.String, java.lang.Object> org.springframework.cloud.context.environment.EnvironmentManagerMvcEndpoint.reset()
2017-12-04 13:06:58.602 |-INFO  [main] org.springframework.boot.actuate.endpoint.mvc.EndpointHandlerMapping [543] -| Mapped "{[/service-registry/instance-status],methods=[GET]}" onto public org.springframework.http.ResponseEntity org.springframework.cloud.client.serviceregistry.endpoint.ServiceRegistryEndpoint.getStatus()
2017-12-04 13:06:58.603 |-INFO  [main] org.springframework.boot.actuate.endpoint.mvc.EndpointHandlerMapping [543] -| Mapped "{[/service-registry/instance-status],methods=[POST]}" onto public org.springframework.http.ResponseEntity<?> org.springframework.cloud.client.serviceregistry.endpoint.ServiceRegistryEndpoint.setStatus(java.lang.String)
2017-12-04 13:06:58.605 |-INFO  [main] org.springframework.boot.actuate.endpoint.mvc.EndpointHandlerMapping [543] -| Mapped "{[/heapdump || /heapdump.json],methods=[GET],produces=[application/octet-stream]}" onto public void org.springframework.boot.actuate.endpoint.mvc.HeapdumpMvcEndpoint.invoke(boolean,javax.servlet.http.HttpServletRequest,javax.servlet.http.HttpServletResponse) throws java.io.IOException,javax.servlet.ServletException
2017-12-04 13:06:58.606 |-INFO  [main] org.springframework.boot.actuate.endpoint.mvc.EndpointHandlerMapping [543] -| Mapped "{[/env/{name:.*}],methods=[GET],produces=[application/vnd.spring-boot.actuator.v1+json || application/json]}" onto public java.lang.Object org.springframework.boot.actuate.endpoint.mvc.EnvironmentMvcEndpoint.value(java.lang.String)
2017-12-04 13:06:58.607 |-INFO  [main] org.springframework.boot.actuate.endpoint.mvc.EndpointHandlerMapping [543] -| Mapped "{[/env || /env.json],methods=[GET],produces=[application/vnd.spring-boot.actuator.v1+json || application/json]}" onto public java.lang.Object org.springframework.boot.actuate.endpoint.mvc.EndpointMvcAdapter.invoke()
2017-12-04 13:06:58.608 |-INFO  [main] org.springframework.boot.actuate.endpoint.mvc.EndpointHandlerMapping [543] -| Mapped "{[/metrics/{name:.*}],methods=[GET],produces=[application/vnd.spring-boot.actuator.v1+json || application/json]}" onto public java.lang.Object org.springframework.boot.actuate.endpoint.mvc.MetricsMvcEndpoint.value(java.lang.String)
2017-12-04 13:06:58.609 |-INFO  [main] org.springframework.boot.actuate.endpoint.mvc.EndpointHandlerMapping [543] -| Mapped "{[/metrics || /metrics.json],methods=[GET],produces=[application/vnd.spring-boot.actuator.v1+json || application/json]}" onto public java.lang.Object org.springframework.boot.actuate.endpoint.mvc.EndpointMvcAdapter.invoke()
2017-12-04 13:06:58.611 |-INFO  [main] org.springframework.boot.actuate.endpoint.mvc.EndpointHandlerMapping [543] -| Mapped "{[/auditevents || /auditevents.json],methods=[GET],produces=[application/vnd.spring-boot.actuator.v1+json || application/json]}" onto public org.springframework.http.ResponseEntity<?> org.springframework.boot.actuate.endpoint.mvc.AuditEventsMvcEndpoint.findByPrincipalAndAfterAndType(java.lang.String,java.util.Date,java.lang.String)
2017-12-04 13:06:58.612 |-INFO  [main] org.springframework.boot.actuate.endpoint.mvc.EndpointHandlerMapping [543] -| Mapped "{[/health || /health.json],methods=[GET],produces=[application/vnd.spring-boot.actuator.v1+json || application/json]}" onto public java.lang.Object org.springframework.boot.actuate.endpoint.mvc.HealthMvcEndpoint.invoke(javax.servlet.http.HttpServletRequest,java.security.Principal)
2017-12-04 13:06:58.613 |-INFO  [main] org.springframework.boot.actuate.endpoint.mvc.EndpointHandlerMapping [543] -| Mapped "{[/refresh || /refresh.json],methods=[POST]}" onto public java.lang.Object org.springframework.cloud.endpoint.GenericPostableMvcEndpoint.invoke()
2017-12-04 13:06:58.614 |-INFO  [main] org.springframework.boot.actuate.endpoint.mvc.EndpointHandlerMapping [543] -| Mapped "{[/mappings || /mappings.json],methods=[GET],produces=[application/vnd.spring-boot.actuator.v1+json || application/json]}" onto public java.lang.Object org.springframework.boot.actuate.endpoint.mvc.EndpointMvcAdapter.invoke()
2017-12-04 13:06:58.616 |-INFO  [main] org.springframework.boot.actuate.endpoint.mvc.EndpointHandlerMapping [543] -| Mapped "{[/restart || /restart.json],methods=[POST]}" onto public java.lang.Object org.springframework.cloud.context.restart.RestartMvcEndpoint.invoke()
2017-12-04 13:06:58.617 |-INFO  [main] org.springframework.boot.actuate.endpoint.mvc.EndpointHandlerMapping [543] -| Mapped "{[/trace || /trace.json],methods=[GET],produces=[application/vnd.spring-boot.actuator.v1+json || application/json]}" onto public java.lang.Object org.springframework.boot.actuate.endpoint.mvc.EndpointMvcAdapter.invoke()
2017-12-04 13:06:58.618 |-INFO  [main] org.springframework.boot.actuate.endpoint.mvc.EndpointHandlerMapping [543] -| Mapped "{[/beans || /beans.json],methods=[GET],produces=[application/vnd.spring-boot.actuator.v1+json || application/json]}" onto public java.lang.Object org.springframework.boot.actuate.endpoint.mvc.EndpointMvcAdapter.invoke()
2017-12-04 13:06:59.155 |-INFO  [main] org.springframework.cloud.netflix.zuul.ZuulFilterInitializer [64] -| Starting filter initializer
2017-12-04 13:06:59.270 |-INFO  [main] org.springframework.scheduling.concurrent.ThreadPoolTaskScheduler [165] -| Initializing ExecutorService  'updateTaskScheduler'
2017-12-04 13:06:59.306 |-INFO  [main] de.codecentric.boot.admin.web.PrefixHandlerMapping [543] -| Mapped "{[/api/applications/{id}],methods=[GET]}" onto public org.springframework.http.ResponseEntity<?> de.codecentric.boot.admin.registry.web.RegistryController.get(java.lang.String)
2017-12-04 13:06:59.307 |-INFO  [main] de.codecentric.boot.admin.web.PrefixHandlerMapping [543] -| Mapped "{[/api/applications],methods=[POST]}" onto public org.springframework.http.ResponseEntity<?> de.codecentric.boot.admin.registry.web.RegistryController.register(de.codecentric.boot.admin.model.Application,org.springframework.web.util.UriComponentsBuilder)
2017-12-04 13:06:59.308 |-INFO  [main] de.codecentric.boot.admin.web.PrefixHandlerMapping [543] -| Mapped "{[/api/applications],methods=[GET]}" onto public java.util.Collection<de.codecentric.boot.admin.model.Application> de.codecentric.boot.admin.registry.web.RegistryController.applications(java.lang.String)
2017-12-04 13:06:59.309 |-INFO  [main] de.codecentric.boot.admin.web.PrefixHandlerMapping [543] -| Mapped "{[/api/applications/{id}],methods=[DELETE]}" onto public org.springframework.http.ResponseEntity<?> de.codecentric.boot.admin.registry.web.RegistryController.unregister(java.lang.String)
2017-12-04 13:06:59.310 |-INFO  [main] de.codecentric.boot.admin.web.PrefixHandlerMapping [543] -| Mapped "{[/api/journal],produces=[application/json]}" onto public java.util.Collection<de.codecentric.boot.admin.event.ClientApplicationEvent> de.codecentric.boot.admin.journal.web.JournalController.getJournal()
2017-12-04 13:06:59.311 |-INFO  [main] de.codecentric.boot.admin.web.PrefixHandlerMapping [543] -| Mapped "{[/api/journal],produces=[text/event-stream]}" onto public org.springframework.web.servlet.mvc.method.annotation.SseEmitter de.codecentric.boot.admin.journal.web.JournalController.getJournalEvents()
2017-12-04 13:06:59.440 |-INFO  [main] org.springframework.jmx.export.annotation.AnnotationMBeanExporter [431] -| Registering beans for JMX exposure on startup
2017-12-04 13:06:59.450 |-INFO  [main] org.springframework.jmx.export.annotation.AnnotationMBeanExporter [916] -| Bean with name 'environmentManager' has been autodetected for JMX exposure
2017-12-04 13:06:59.453 |-INFO  [main] org.springframework.jmx.export.annotation.AnnotationMBeanExporter [916] -| Bean with name 'configurationPropertiesRebinder' has been autodetected for JMX exposure
2017-12-04 13:06:59.454 |-INFO  [main] org.springframework.jmx.export.annotation.AnnotationMBeanExporter [916] -| Bean with name 'refreshEndpoint' has been autodetected for JMX exposure
2017-12-04 13:06:59.455 |-INFO  [main] org.springframework.jmx.export.annotation.AnnotationMBeanExporter [916] -| Bean with name 'restartEndpoint' has been autodetected for JMX exposure
2017-12-04 13:06:59.456 |-INFO  [main] org.springframework.jmx.export.annotation.AnnotationMBeanExporter [916] -| Bean with name 'serviceRegistryEndpoint' has been autodetected for JMX exposure
2017-12-04 13:06:59.458 |-INFO  [main] org.springframework.jmx.export.annotation.AnnotationMBeanExporter [916] -| Bean with name 'zuulEndpoint' has been autodetected for JMX exposure
2017-12-04 13:06:59.459 |-INFO  [main] org.springframework.jmx.export.annotation.AnnotationMBeanExporter [916] -| Bean with name 'refreshScope' has been autodetected for JMX exposure
2017-12-04 13:06:59.462 |-INFO  [main] org.springframework.jmx.export.annotation.AnnotationMBeanExporter [678] -| Located managed bean 'environmentManager': registering with JMX server as MBean [org.springframework.cloud.context.environment:name=environmentManager,type=EnvironmentManager]
2017-12-04 13:06:59.481 |-INFO  [main] org.springframework.jmx.export.annotation.AnnotationMBeanExporter [678] -| Located managed bean 'restartEndpoint': registering with JMX server as MBean [org.springframework.cloud.context.restart:name=restartEndpoint,type=RestartEndpoint]
2017-12-04 13:06:59.493 |-INFO  [main] org.springframework.jmx.export.annotation.AnnotationMBeanExporter [678] -| Located managed bean 'serviceRegistryEndpoint': registering with JMX server as MBean [org.springframework.cloud.client.serviceregistry.endpoint:name=serviceRegistryEndpoint,type=ServiceRegistryEndpoint]
2017-12-04 13:06:59.510 |-INFO  [main] org.springframework.jmx.export.annotation.AnnotationMBeanExporter [678] -| Located managed bean 'refreshScope': registering with JMX server as MBean [org.springframework.cloud.context.scope.refresh:name=refreshScope,type=RefreshScope]
2017-12-04 13:06:59.522 |-INFO  [main] org.springframework.jmx.export.annotation.AnnotationMBeanExporter [678] -| Located managed bean 'zuulEndpoint': registering with JMX server as MBean [org.springframework.cloud.netflix.zuul:name=zuulEndpoint,type=RoutesEndpoint]
2017-12-04 13:06:59.524 |-WARN  [main] org.springframework.jmx.export.annotation.AnnotationMBeanExporter [849] -| Bean with key 'zuulEndpoint' has been registered as an MBean but has no exposed attributes or operations
2017-12-04 13:06:59.525 |-INFO  [main] org.springframework.jmx.export.annotation.AnnotationMBeanExporter [678] -| Located managed bean 'configurationPropertiesRebinder': registering with JMX server as MBean [org.springframework.cloud.context.properties:name=configurationPropertiesRebinder,context=7b84fcf8,type=ConfigurationPropertiesRebinder]
2017-12-04 13:06:59.531 |-INFO  [main] org.springframework.jmx.export.annotation.AnnotationMBeanExporter [678] -| Located managed bean 'refreshEndpoint': registering with JMX server as MBean [org.springframework.cloud.endpoint:name=refreshEndpoint,type=RefreshEndpoint]
2017-12-04 13:06:59.533 |-INFO  [main] org.springframework.boot.actuate.endpoint.jmx.EndpointMBeanExporter [431] -| Registering beans for JMX exposure on startup
2017-12-04 13:06:59.747 |-INFO  [main] org.springframework.context.support.DefaultLifecycleProcessor [343] -| Starting beans in phase 0
2017-12-04 13:06:59.759 |-INFO  [main] org.springframework.cloud.netflix.eureka.InstanceInfoFactory [70] -| Setting initial instance status as: STARTING
2017-12-04 13:06:59.810 |-INFO  [main] com.netflix.discovery.DiscoveryClient [344] -| Initializing Eureka in region us-east-1
2017-12-04 13:06:59.890 |-INFO  [main] com.netflix.discovery.provider.DiscoveryJerseyProvider [70] -| Using JSON encoding codec LegacyJacksonJson
2017-12-04 13:06:59.890 |-INFO  [main] com.netflix.discovery.provider.DiscoveryJerseyProvider [71] -| Using JSON decoding codec LegacyJacksonJson
2017-12-04 13:07:00.060 |-INFO  [main] com.netflix.discovery.provider.DiscoveryJerseyProvider [80] -| Using XML encoding codec XStreamXml
2017-12-04 13:07:00.061 |-INFO  [main] com.netflix.discovery.provider.DiscoveryJerseyProvider [81] -| Using XML decoding codec XStreamXml
2017-12-04 13:07:00.282 |-INFO  [main] com.netflix.discovery.shared.resolver.aws.ConfigClusterResolver [43] -| Resolving eureka endpoints via configuration
2017-12-04 13:07:00.313 |-INFO  [main] com.netflix.discovery.DiscoveryClient [920] -| Disable delta property : false
2017-12-04 13:07:00.313 |-INFO  [main] com.netflix.discovery.DiscoveryClient [921] -| Single vip registry refresh property : null
2017-12-04 13:07:00.314 |-INFO  [main] com.netflix.discovery.DiscoveryClient [922] -| Force full registry fetch : false
2017-12-04 13:07:00.314 |-INFO  [main] com.netflix.discovery.DiscoveryClient [923] -| Application is null : false
2017-12-04 13:07:00.314 |-INFO  [main] com.netflix.discovery.DiscoveryClient [924] -| Registered Applications size is zero : true
2017-12-04 13:07:00.315 |-INFO  [main] com.netflix.discovery.DiscoveryClient [926] -| Application version is -1: true
2017-12-04 13:07:00.315 |-INFO  [main] com.netflix.discovery.DiscoveryClient [1009] -| Getting all instance registry info from the eureka server
2017-12-04 13:07:00.622 |-INFO  [main] com.netflix.discovery.DiscoveryClient [1018] -| The response status is 200
2017-12-04 13:07:00.624 |-INFO  [main] com.netflix.discovery.DiscoveryClient [1244] -| Starting heartbeat executor: renew interval is: 10
2017-12-04 13:07:00.631 |-INFO  [main] com.netflix.discovery.InstanceInfoReplicator [59] -| InstanceInfoReplicator onDemand update allowed rate per min is 4
2017-12-04 13:07:00.636 |-INFO  [main] com.netflix.discovery.DiscoveryClient [425] -| Discovery Client initialized at timestamp 1512364020635 with initial instances count: 1
2017-12-04 13:07:00.672 |-INFO  [main] org.springframework.cloud.netflix.eureka.serviceregistry.EurekaServiceRegistry [40] -| Registering application monitor with eureka with status UP
2017-12-04 13:07:00.673 |-INFO  [main] com.netflix.discovery.DiscoveryClient [1279] -| Saw local status change event StatusChangeEvent [timestamp=1512364020673, current=UP, previous=STARTING]
2017-12-04 13:07:00.676 |-INFO  [DiscoveryClient-InstanceInfoReplicator-0] com.netflix.discovery.DiscoveryClient [795] -| DiscoveryClient_MONITOR/192.168.1.102:monitor:8000: registering service...
2017-12-04 13:07:00.722 |-INFO  [main] de.codecentric.boot.admin.registry.ApplicationRegistry [82] -| New Application Application [id=2c98b214, name=SERVER-CONFIG, managementUrl=http://192.168.1.102:8888/, healthUrl=http://192.168.1.102:8888/health, serviceUrl=http://192.168.1.102:8888/] registered 
2017-12-04 13:07:00.728 |-INFO  [DiscoveryClient-InstanceInfoReplicator-0] com.netflix.discovery.DiscoveryClient [804] -| DiscoveryClient_MONITOR/192.168.1.102:monitor:8000 - registration status: 204
2017-12-04 13:07:00.756 |-INFO  [main] org.springframework.boot.actuate.endpoint.jmx.EndpointMBeanExporter [678] -| Located managed bean 'auditEventsEndpoint': registering with JMX server as MBean [org.springframework.boot:type=Endpoint,name=auditEventsEndpoint]
2017-12-04 13:07:00.765 |-INFO  [main] org.springframework.boot.actuate.endpoint.jmx.EndpointMBeanExporter [678] -| Located managed bean 'archaiusEndpoint': registering with JMX server as MBean [org.springframework.boot:type=Endpoint,name=archaiusEndpoint]
2017-12-04 13:07:00.785 |-INFO  [main] org.springframework.boot.actuate.endpoint.jmx.EndpointMBeanExporter [678] -| Located managed bean 'featuresEndpoint': registering with JMX server as MBean [org.springframework.boot:type=Endpoint,name=featuresEndpoint]
2017-12-04 13:07:00.805 |-INFO  [main] org.springframework.boot.actuate.endpoint.jmx.EndpointMBeanExporter [678] -| Located managed bean 'requestMappingEndpoint': registering with JMX server as MBean [org.springframework.boot:type=Endpoint,name=requestMappingEndpoint]
2017-12-04 13:07:00.815 |-INFO  [main] org.springframework.boot.actuate.endpoint.jmx.EndpointMBeanExporter [678] -| Located managed bean 'environmentEndpoint': registering with JMX server as MBean [org.springframework.boot:type=Endpoint,name=environmentEndpoint]
2017-12-04 13:07:00.825 |-INFO  [main] org.springframework.boot.actuate.endpoint.jmx.EndpointMBeanExporter [678] -| Located managed bean 'healthEndpoint': registering with JMX server as MBean [org.springframework.boot:type=Endpoint,name=healthEndpoint]
2017-12-04 13:07:00.915 |-INFO  [main] org.springframework.boot.actuate.endpoint.jmx.EndpointMBeanExporter [678] -| Located managed bean 'beansEndpoint': registering with JMX server as MBean [org.springframework.boot:type=Endpoint,name=beansEndpoint]
2017-12-04 13:07:00.920 |-INFO  [main] org.springframework.boot.actuate.endpoint.jmx.EndpointMBeanExporter [678] -| Located managed bean 'infoEndpoint': registering with JMX server as MBean [org.springframework.boot:type=Endpoint,name=infoEndpoint]
2017-12-04 13:07:00.923 |-INFO  [main] org.springframework.boot.actuate.endpoint.jmx.EndpointMBeanExporter [678] -| Located managed bean 'loggersEndpoint': registering with JMX server as MBean [org.springframework.boot:type=Endpoint,name=loggersEndpoint]
2017-12-04 13:07:00.935 |-INFO  [main] org.springframework.boot.actuate.endpoint.jmx.EndpointMBeanExporter [678] -| Located managed bean 'metricsEndpoint': registering with JMX server as MBean [org.springframework.boot:type=Endpoint,name=metricsEndpoint]
2017-12-04 13:07:00.947 |-INFO  [main] org.springframework.boot.actuate.endpoint.jmx.EndpointMBeanExporter [678] -| Located managed bean 'traceEndpoint': registering with JMX server as MBean [org.springframework.boot:type=Endpoint,name=traceEndpoint]
2017-12-04 13:07:00.952 |-INFO  [main] org.springframework.boot.actuate.endpoint.jmx.EndpointMBeanExporter [678] -| Located managed bean 'dumpEndpoint': registering with JMX server as MBean [org.springframework.boot:type=Endpoint,name=dumpEndpoint]
2017-12-04 13:07:00.955 |-INFO  [main] org.springframework.boot.actuate.endpoint.jmx.EndpointMBeanExporter [678] -| Located managed bean 'autoConfigurationReportEndpoint': registering with JMX server as MBean [org.springframework.boot:type=Endpoint,name=autoConfigurationReportEndpoint]
2017-12-04 13:07:00.958 |-INFO  [main] org.springframework.boot.actuate.endpoint.jmx.EndpointMBeanExporter [678] -| Located managed bean 'configurationPropertiesReportEndpoint': registering with JMX server as MBean [org.springframework.boot:type=Endpoint,name=configurationPropertiesReportEndpoint]
2017-12-04 13:07:01.035 |-INFO  [main] org.apache.coyote.http11.Http11NioProtocol [179] -| Initializing ProtocolHandler ["http-nio-8000"]
2017-12-04 13:07:01.055 |-INFO  [main] org.apache.coyote.http11.Http11NioProtocol [179] -| Starting ProtocolHandler ["http-nio-8000"]
2017-12-04 13:07:01.106 |-INFO  [main] org.apache.tomcat.util.net.NioSelectorPool [179] -| Using a shared selector for servlet write/read
2017-12-04 13:07:01.137 |-INFO  [main] org.springframework.boot.context.embedded.tomcat.TomcatEmbeddedServletContainer [201] -| Tomcat started on port(s): 8000 (http)
2017-12-04 13:07:01.138 |-INFO  [main] org.springframework.cloud.netflix.eureka.serviceregistry.EurekaAutoServiceRegistration [117] -| Updating port to 8000
2017-12-04 13:07:01.147 |-INFO  [main] com.yonyou.cloud.server.monitor.ServerMonitorApplication [57] -| Started ServerMonitorApplication in 8.69 seconds (JVM running for 9.451)
2017-12-04 13:07:07.255 |-INFO  [http-nio-8000-exec-1] org.apache.catalina.core.ContainerBase.[Tomcat].[localhost].[/] [179] -| Initializing Spring FrameworkServlet 'dispatcherServlet'
2017-12-04 13:07:07.255 |-INFO  [http-nio-8000-exec-1] org.springframework.web.servlet.DispatcherServlet [489] -| FrameworkServlet 'dispatcherServlet': initialization started
2017-12-04 13:07:07.277 |-INFO  [http-nio-8000-exec-1] org.springframework.web.servlet.DispatcherServlet [508] -| FrameworkServlet 'dispatcherServlet': initialization completed in 21 ms
2017-12-04 13:07:07.301 |-INFO  [http-nio-8000-exec-1] org.springframework.cloud.netflix.zuul.web.ZuulHandlerMapping [362] -| Mapped URL path [/api/applications/2c98b214/health/**] onto handler of type [class org.springframework.cloud.netflix.zuul.web.ZuulController]
2017-12-04 13:07:07.302 |-INFO  [http-nio-8000-exec-1] org.springframework.cloud.netflix.zuul.web.ZuulHandlerMapping [362] -| Mapped URL path [/api/applications/2c98b214/env/**] onto handler of type [class org.springframework.cloud.netflix.zuul.web.ZuulController]
2017-12-04 13:07:07.302 |-INFO  [http-nio-8000-exec-1] org.springframework.cloud.netflix.zuul.web.ZuulHandlerMapping [362] -| Mapped URL path [/api/applications/2c98b214/metrics/**] onto handler of type [class org.springframework.cloud.netflix.zuul.web.ZuulController]
2017-12-04 13:07:07.302 |-INFO  [http-nio-8000-exec-1] org.springframework.cloud.netflix.zuul.web.ZuulHandlerMapping [362] -| Mapped URL path [/api/applications/2c98b214/trace/**] onto handler of type [class org.springframework.cloud.netflix.zuul.web.ZuulController]
2017-12-04 13:07:07.302 |-INFO  [http-nio-8000-exec-1] org.springframework.cloud.netflix.zuul.web.ZuulHandlerMapping [362] -| Mapped URL path [/api/applications/2c98b214/dump/**] onto handler of type [class org.springframework.cloud.netflix.zuul.web.ZuulController]
2017-12-04 13:07:07.303 |-INFO  [http-nio-8000-exec-1] org.springframework.cloud.netflix.zuul.web.ZuulHandlerMapping [362] -| Mapped URL path [/api/applications/2c98b214/jolokia/**] onto handler of type [class org.springframework.cloud.netflix.zuul.web.ZuulController]
2017-12-04 13:07:07.303 |-INFO  [http-nio-8000-exec-1] org.springframework.cloud.netflix.zuul.web.ZuulHandlerMapping [362] -| Mapped URL path [/api/applications/2c98b214/info/**] onto handler of type [class org.springframework.cloud.netflix.zuul.web.ZuulController]
2017-12-04 13:07:07.303 |-INFO  [http-nio-8000-exec-1] org.springframework.cloud.netflix.zuul.web.ZuulHandlerMapping [362] -| Mapped URL path [/api/applications/2c98b214/logfile/**] onto handler of type [class org.springframework.cloud.netflix.zuul.web.ZuulController]
2017-12-04 13:07:07.303 |-INFO  [http-nio-8000-exec-1] org.springframework.cloud.netflix.zuul.web.ZuulHandlerMapping [362] -| Mapped URL path [/api/applications/2c98b214/refresh/**] onto handler of type [class org.springframework.cloud.netflix.zuul.web.ZuulController]
2017-12-04 13:07:07.304 |-INFO  [http-nio-8000-exec-1] org.springframework.cloud.netflix.zuul.web.ZuulHandlerMapping [362] -| Mapped URL path [/api/applications/2c98b214/flyway/**] onto handler of type [class org.springframework.cloud.netflix.zuul.web.ZuulController]
2017-12-04 13:07:07.304 |-INFO  [http-nio-8000-exec-1] org.springframework.cloud.netflix.zuul.web.ZuulHandlerMapping [362] -| Mapped URL path [/api/applications/2c98b214/liquibase/**] onto handler of type [class org.springframework.cloud.netflix.zuul.web.ZuulController]
2017-12-04 13:07:07.304 |-INFO  [http-nio-8000-exec-1] org.springframework.cloud.netflix.zuul.web.ZuulHandlerMapping [362] -| Mapped URL path [/api/applications/2c98b214/heapdump/**] onto handler of type [class org.springframework.cloud.netflix.zuul.web.ZuulController]
2017-12-04 13:07:07.305 |-INFO  [http-nio-8000-exec-1] org.springframework.cloud.netflix.zuul.web.ZuulHandlerMapping [362] -| Mapped URL path [/api/applications/2c98b214/loggers/**] onto handler of type [class org.springframework.cloud.netflix.zuul.web.ZuulController]
2017-12-04 13:07:07.305 |-INFO  [http-nio-8000-exec-1] org.springframework.cloud.netflix.zuul.web.ZuulHandlerMapping [362] -| Mapped URL path [/api/applications/2c98b214/auditevents/**] onto handler of type [class org.springframework.cloud.netflix.zuul.web.ZuulController]
2017-12-04 13:07:30.686 |-INFO  [DiscoveryClient-CacheRefreshExecutor-0] de.codecentric.boot.admin.registry.ApplicationRegistry [82] -| New Application Application [id=ad1444c5, name=MONITOR, managementUrl=http://192.168.1.102:8000/, healthUrl=http://192.168.1.102:8000/health, serviceUrl=http://192.168.1.102:8000/] registered 
2017-12-04 13:07:30.691 |-INFO  [http-nio-8000-exec-5] org.springframework.cloud.netflix.zuul.web.ZuulHandlerMapping [362] -| Mapped URL path [/api/applications/ad1444c5/health/**] onto handler of type [class org.springframework.cloud.netflix.zuul.web.ZuulController]
2017-12-04 13:07:30.691 |-INFO  [http-nio-8000-exec-5] org.springframework.cloud.netflix.zuul.web.ZuulHandlerMapping [362] -| Mapped URL path [/api/applications/ad1444c5/env/**] onto handler of type [class org.springframework.cloud.netflix.zuul.web.ZuulController]
2017-12-04 13:07:30.692 |-INFO  [http-nio-8000-exec-5] org.springframework.cloud.netflix.zuul.web.ZuulHandlerMapping [362] -| Mapped URL path [/api/applications/ad1444c5/metrics/**] onto handler of type [class org.springframework.cloud.netflix.zuul.web.ZuulController]
2017-12-04 13:07:30.692 |-INFO  [http-nio-8000-exec-5] org.springframework.cloud.netflix.zuul.web.ZuulHandlerMapping [362] -| Mapped URL path [/api/applications/ad1444c5/trace/**] onto handler of type [class org.springframework.cloud.netflix.zuul.web.ZuulController]
2017-12-04 13:07:30.693 |-INFO  [http-nio-8000-exec-5] org.springframework.cloud.netflix.zuul.web.ZuulHandlerMapping [362] -| Mapped URL path [/api/applications/ad1444c5/dump/**] onto handler of type [class org.springframework.cloud.netflix.zuul.web.ZuulController]
2017-12-04 13:07:30.693 |-INFO  [http-nio-8000-exec-5] org.springframework.cloud.netflix.zuul.web.ZuulHandlerMapping [362] -| Mapped URL path [/api/applications/ad1444c5/jolokia/**] onto handler of type [class org.springframework.cloud.netflix.zuul.web.ZuulController]
2017-12-04 13:07:30.693 |-INFO  [http-nio-8000-exec-5] org.springframework.cloud.netflix.zuul.web.ZuulHandlerMapping [362] -| Mapped URL path [/api/applications/ad1444c5/info/**] onto handler of type [class org.springframework.cloud.netflix.zuul.web.ZuulController]
2017-12-04 13:07:30.694 |-INFO  [http-nio-8000-exec-5] org.springframework.cloud.netflix.zuul.web.ZuulHandlerMapping [362] -| Mapped URL path [/api/applications/ad1444c5/logfile/**] onto handler of type [class org.springframework.cloud.netflix.zuul.web.ZuulController]
2017-12-04 13:07:30.694 |-INFO  [http-nio-8000-exec-5] org.springframework.cloud.netflix.zuul.web.ZuulHandlerMapping [362] -| Mapped URL path [/api/applications/ad1444c5/refresh/**] onto handler of type [class org.springframework.cloud.netflix.zuul.web.ZuulController]
2017-12-04 13:07:30.694 |-INFO  [http-nio-8000-exec-5] org.springframework.cloud.netflix.zuul.web.ZuulHandlerMapping [362] -| Mapped URL path [/api/applications/ad1444c5/flyway/**] onto handler of type [class org.springframework.cloud.netflix.zuul.web.ZuulController]
2017-12-04 13:07:30.695 |-INFO  [http-nio-8000-exec-5] org.springframework.cloud.netflix.zuul.web.ZuulHandlerMapping [362] -| Mapped URL path [/api/applications/ad1444c5/liquibase/**] onto handler of type [class org.springframework.cloud.netflix.zuul.web.ZuulController]
2017-12-04 13:07:30.695 |-INFO  [http-nio-8000-exec-5] org.springframework.cloud.netflix.zuul.web.ZuulHandlerMapping [362] -| Mapped URL path [/api/applications/ad1444c5/heapdump/**] onto handler of type [class org.springframework.cloud.netflix.zuul.web.ZuulController]
2017-12-04 13:07:30.695 |-INFO  [http-nio-8000-exec-5] org.springframework.cloud.netflix.zuul.web.ZuulHandlerMapping [362] -| Mapped URL path [/api/applications/ad1444c5/loggers/**] onto handler of type [class org.springframework.cloud.netflix.zuul.web.ZuulController]
2017-12-04 13:07:30.696 |-INFO  [http-nio-8000-exec-5] org.springframework.cloud.netflix.zuul.web.ZuulHandlerMapping [362] -| Mapped URL path [/api/applications/ad1444c5/auditevents/**] onto handler of type [class org.springframework.cloud.netflix.zuul.web.ZuulController]
2017-12-04 13:12:00.333 |-INFO  [AsyncResolver-bootstrap-executor-0] com.netflix.discovery.shared.resolver.aws.ConfigClusterResolver [43] -| Resolving eureka endpoints via configuration
